app/build/intermediates/manifest_merge_blame_file/debug/manifest-merger-blame-debug-report.txt
1<?xml version="1.0" encoding="utf-8"?>
2<manifest xmlns:android="http://schemas.android.com/apk/res/android"
3    package="com.example.kps.tactics_for_listening"
4    android:versionCode="4"
5    android:versionName="2.0" >
6
7    <uses-sdk
8        android:minSdkVersion="19"
8-->src\main\AndroidManifest.xml
9        android:targetSdkVersion="26" />
9-->src\main\AndroidManifest.xml
10
11    <uses-permission android:name="android.permission.READ_EXTERNAL_STORAGE" />
11-->src\main\AndroidManifest.xml:5:5-80
11-->src\main\AndroidManifest.xml:5:22-77
12    <uses-permission android:name="android.permission.WRITE_EXTERNAL_STORAGE" />
12-->src\main\AndroidManifest.xml:6:5-81
12-->src\main\AndroidManifest.xml:6:22-78
13    <uses-permission android:name="android.permission.INTERNET" />
13-->src\main\AndroidManifest.xml:7:5-67
13-->src\main\AndroidManifest.xml:7:22-64
14    <uses-permission android:name="android.permission.ACCESS_NETWORK_STATE" />
14-->src\main\AndroidManifest.xml:8:5-79
14-->src\main\AndroidManifest.xml:8:22-76
15
16    <application
16-->src\main\AndroidManifest.xml:10:5-59:19
17        android:allowBackup="true"
17-->src\main\AndroidManifest.xml:11:9-35
18        android:appComponentFactory="androidx.core.app.CoreComponentFactory"
18-->[androidx.core:core:1.0.1] AndroidManifest.xml:22:18-86
19        android:debuggable="true"
20        android:icon="@mipmap/icon"
20-->src\main\AndroidManifest.xml:12:9-36
21        android:label="@string/app_name"
21-->src\main\AndroidManifest.xml:13:9-41
22        android:roundIcon="@mipmap/icon"
22-->src\main\AndroidManifest.xml:14:9-41
23        android:supportsRtl="true"
23-->src\main\AndroidManifest.xml:15:9-35
24        android:theme="@style/AppTheme" >
24-->src\main\AndroidManifest.xml:16:9-40
25        <activity
25-->src\main\AndroidManifest.xml:17:9-31:20
26            android:name="com.example.kps.tactics_for_listening.Splash"
26-->src\main\AndroidManifest.xml:18:13-35
27            android:configChanges="orientation|keyboardHidden"
27-->src\main\AndroidManifest.xml:19:13-63
28            android:screenOrientation="portrait" >
28-->src\main\AndroidManifest.xml:20:13-49
29            <intent-filter>
29-->src\main\AndroidManifest.xml:23:13-27:29
30                <action android:name="android.intent.action.MAIN" />
30-->src\main\AndroidManifest.xml:24:17-69
30-->src\main\AndroidManifest.xml:24:25-66
31
32                <category android:name="android.intent.category.LAUNCHER" />
32-->src\main\AndroidManifest.xml:26:17-77
32-->src\main\AndroidManifest.xml:26:27-74
33            </intent-filter>
34        </activity>
35        <activity
35-->src\main\AndroidManifest.xml:32:9-35:52
36            android:name="com.example.kps.tactics_for_listening.ContentActivity"
36-->src\main\AndroidManifest.xml:33:13-44
37            android:configChanges="orientation|keyboardHidden"
37-->src\main\AndroidManifest.xml:34:13-63
38            android:screenOrientation="portrait" />
38-->src\main\AndroidManifest.xml:35:13-49
39        <activity
39-->src\main\AndroidManifest.xml:36:9-39:52
40            android:name="com.example.kps.tactics_for_listening.ListeningActivity"
40-->src\main\AndroidManifest.xml:37:13-46
41            android:configChanges="orientation|keyboardHidden"
41-->src\main\AndroidManifest.xml:38:13-63
42            android:screenOrientation="portrait" />
42-->src\main\AndroidManifest.xml:39:13-49
43        <activity
43-->src\main\AndroidManifest.xml:40:9-43:52
44            android:name="com.example.kps.tactics_for_listening.PlayActivity"
44-->src\main\AndroidManifest.xml:41:13-41
45            android:configChanges="orientation|keyboardHidden"
45-->src\main\AndroidManifest.xml:42:13-63
46            android:screenOrientation="portrait" />
46-->src\main\AndroidManifest.xml:43:13-49
47        <activity
47-->src\main\AndroidManifest.xml:45:9-50:46
48            android:name="com.example.kps.tactics_for_listening.MainActivity"
48-->src\main\AndroidManifest.xml:46:13-41
49            android:configChanges="orientation|keyboardHidden"
49-->src\main\AndroidManifest.xml:47:13-63
50            android:label="@string/app_name"
50-->src\main\AndroidManifest.xml:48:13-45
51            android:screenOrientation="portrait"
51-->src\main\AndroidManifest.xml:49:13-49
52            android:theme="@style/AppTheme" />
52-->src\main\AndroidManifest.xml:50:13-44
53        <activity
53-->src\main\AndroidManifest.xml:54:9-58:61
54            android:name="com.example.kps.tactics_for_listening.references"
54-->src\main\AndroidManifest.xml:55:13-39
55            android:configChanges="orientation|keyboardHidden"
55-->src\main\AndroidManifest.xml:56:13-63
56            android:label="About Application"
56-->src\main\AndroidManifest.xml:57:13-46
57            android:screenOrientation="portrait" />
57-->src\main\AndroidManifest.xml:58:13-49
58
59        <meta-data
59-->[com.android.support:cardview-v7:26.0.0] AndroidManifest.xml:23:9-25:38
60            android:name="android.support.VERSION"
60-->[com.android.support:cardview-v7:26.0.0] AndroidManifest.xml:24:13-51
61            android:value="26.0.0" />
61-->[com.android.support:cardview-v7:26.0.0] AndroidManifest.xml:25:13-35
62
63        <activity
63-->[pub.devrel:easypermissions:3.0.0] AndroidManifest.xml:12:9-16:66
64            android:name="pub.devrel.easypermissions.AppSettingsDialogHolderActivity"
64-->[pub.devrel:easypermissions:3.0.0] AndroidManifest.xml:13:13-86
65            android:exported="false"
65-->[pub.devrel:easypermissions:3.0.0] AndroidManifest.xml:14:13-37
66            android:label=""
66-->[pub.devrel:easypermissions:3.0.0] AndroidManifest.xml:15:13-29
67            android:theme="@style/EasyPermissions.Transparent" />
67-->[pub.devrel:easypermissions:3.0.0] AndroidManifest.xml:16:13-63
68    </application>
69
70</manifest>